<?xml version="1.0" encoding="UTF-8"?>
<!-- Generated by org.testng.reporters.JUnitReportReporter -->
<testsuite hostname="SAIKRISHNA" failures="0" tests="5" name="org.example.AppTest" time="0.010" errors="0" timestamp="2023-03-29T12:31:30 IST" skipped="1">
  <testcase classname="org.example.AppTest" name="openBrowser" time="0.007"/>
  <system-out/>
  <testcase classname="org.example.AppTest" name="clickUMS" time="0.001"/>
  <system-out/>
  <testcase classname="org.example.AppTest" name="openHomePage" time="0.002"/>
  <system-out/>
  <testcase classname="org.example.AppTest" name="closeBrowser" time="0.000"/>
  <system-out/>
  <testcase classname="org.example.AppTest" name="closeUMS">
    <skipped/>
  </testcase> <!-- closeUMS -->
  <system-out/>
</testsuite> <!-- org.example.AppTest -->
